.next/dev/types/validator.ts(6,59): error TS7016: Could not find a declaration file for module 'next/types.js'. 'C:/Users/amitk/OneDrive/Desktop/FINMAN/node_modules/next/types.js' implicitly has an 'any' type.
  Try `npm i --save-dev @types/next` if it exists or add a new declaration (.d.ts) file containing `declare module 'next/types.js';`
.next/types/validator.ts(6,59): error TS7016: Could not find a declaration file for module 'next/types.js'. 'C:/Users/amitk/OneDrive/Desktop/FINMAN/node_modules/next/types.js' implicitly has an 'any' type.
  Try `npm i --save-dev @types/next` if it exists or add a new declaration (.d.ts) file containing `declare module 'next/types.js';`
app/(auth)/layout.tsx(1,19): error TS7016: Could not find a declaration file for module 'next/image'. 'C:/Users/amitk/OneDrive/Desktop/FINMAN/node_modules/next/image.js' implicitly has an 'any' type.
  Try `npm i --save-dev @types/next` if it exists or add a new declaration (.d.ts) file containing `declare module 'next/image';`
app/(root)/add-bank/page.tsx(5,27): error TS7016: Could not find a declaration file for module 'next/navigation'. 'C:/Users/amitk/OneDrive/Desktop/FINMAN/node_modules/next/navigation.js' implicitly has an 'any' type.
  Try `npm i --save-dev @types/next` if it exists or add a new declaration (.d.ts) file containing `declare module 'next/navigation';`
app/(root)/edit-bank/page.tsx(5,44): error TS7016: Could not find a declaration file for module 'next/navigation'. 'C:/Users/amitk/OneDrive/Desktop/FINMAN/node_modules/next/navigation.js' implicitly has an 'any' type.
  Try `npm i --save-dev @types/next` if it exists or add a new declaration (.d.ts) file containing `declare module 'next/navigation';`
app/(root)/edit-profile/page.tsx(5,27): error TS7016: Could not find a declaration file for module 'next/navigation'. 'C:/Users/amitk/OneDrive/Desktop/FINMAN/node_modules/next/navigation.js' implicitly has an 'any' type.
  Try `npm i --save-dev @types/next` if it exists or add a new declaration (.d.ts) file containing `declare module 'next/navigation';`
app/(root)/layout.tsx(3,19): error TS7016: Could not find a declaration file for module 'next/image'. 'C:/Users/amitk/OneDrive/Desktop/FINMAN/node_modules/next/image.js' implicitly has an 'any' type.
  Try `npm i --save-dev @types/next` if it exists or add a new declaration (.d.ts) file containing `declare module 'next/image';`
app/(root)/layout.tsx(6,26): error TS7016: Could not find a declaration file for module 'next/navigation'. 'C:/Users/amitk/OneDrive/Desktop/FINMAN/node_modules/next/navigation.js' implicitly has an 'any' type.
  Try `npm i --save-dev @types/next` if it exists or add a new declaration (.d.ts) file containing `declare module 'next/navigation';`
app/(root)/my-banks/page.tsx(6,18): error TS7016: Could not find a declaration file for module 'next/link'. 'C:/Users/amitk/OneDrive/Desktop/FINMAN/node_modules/next/link.js' implicitly has an 'any' type.
  Try `npm i --save-dev @types/next` if it exists or add a new declaration (.d.ts) file containing `declare module 'next/link';`
app/layout.tsx(3,31): error TS7016: Could not find a declaration file for module 'next'. 'C:/Users/amitk/OneDrive/Desktop/FINMAN/node_modules/next/dist/server/next.js' implicitly has an 'any' type.
  Try `npm i --save-dev @types/next` if it exists or add a new declaration (.d.ts) file containing `declare module 'next';`
app/layout.tsx(4,39): error TS7016: Could not find a declaration file for module 'next/font/google'. 'C:/Users/amitk/OneDrive/Desktop/FINMAN/node_modules/next/font/google/index.js' implicitly has an 'any' type.
  Try `npm i --save-dev @types/next` if it exists or add a new declaration (.d.ts) file containing `declare module 'next/font/google';`
components/AuthForm.tsx(3,19): error TS7016: Could not find a declaration file for module 'next/image'. 'C:/Users/amitk/OneDrive/Desktop/FINMAN/node_modules/next/image.js' implicitly has an 'any' type.
  Try `npm i --save-dev @types/next` if it exists or add a new declaration (.d.ts) file containing `declare module 'next/image';`
components/AuthForm.tsx(4,18): error TS7016: Could not find a declaration file for module 'next/link'. 'C:/Users/amitk/OneDrive/Desktop/FINMAN/node_modules/next/link.js' implicitly has an 'any' type.
  Try `npm i --save-dev @types/next` if it exists or add a new declaration (.d.ts) file containing `declare module 'next/link';`
components/AuthForm.tsx(14,27): error TS7016: Could not find a declaration file for module 'next/navigation'. 'C:/Users/amitk/OneDrive/Desktop/FINMAN/node_modules/next/navigation.js' implicitly has an 'any' type.
  Try `npm i --save-dev @types/next` if it exists or add a new declaration (.d.ts) file containing `declare module 'next/navigation';`
components/AuthForm.tsx(16,10): error TS2305: Module '"lucide-react"' has no exported member 'Loader2'.
components/AuthForm.tsx(16,19): error TS2305: Module '"lucide-react"' has no exported member 'Mail'.
components/AuthForm.tsx(16,25): error TS2305: Module '"lucide-react"' has no exported member 'Lock'.
components/AuthForm.tsx(16,31): error TS2305: Module '"lucide-react"' has no exported member 'User'.
components/AuthForm.tsx(16,37): error TS2305: Module '"lucide-react"' has no exported member 'MapPin'.
components/AuthForm.tsx(16,45): error TS2305: Module '"lucide-react"' has no exported member 'Building'.
components/AuthForm.tsx(16,55): error TS2305: Module '"lucide-react"' has no exported member 'Calendar'.
components/AuthForm.tsx(16,65): error TS2305: Module '"lucide-react"' has no exported member 'Hash'.
components/AuthForm.tsx(16,71): error TS2305: Module '"lucide-react"' has no exported member 'CheckCircle2'.
components/BankCard.tsx(2,19): error TS7016: Could not find a declaration file for module 'next/image'. 'C:/Users/amitk/OneDrive/Desktop/FINMAN/node_modules/next/image.js' implicitly has an 'any' type.
  Try `npm i --save-dev @types/next` if it exists or add a new declaration (.d.ts) file containing `declare module 'next/image';`
components/BankCard.tsx(3,18): error TS7016: Could not find a declaration file for module 'next/link'. 'C:/Users/amitk/OneDrive/Desktop/FINMAN/node_modules/next/link.js' implicitly has an 'any' type.
  Try `npm i --save-dev @types/next` if it exists or add a new declaration (.d.ts) file containing `declare module 'next/link';`
components/Footer.tsx(1,19): error TS7016: Could not find a declaration file for module 'next/image'. 'C:/Users/amitk/OneDrive/Desktop/FINMAN/node_modules/next/image.js' implicitly has an 'any' type.
  Try `npm i --save-dev @types/next` if it exists or add a new declaration (.d.ts) file containing `declare module 'next/image';`
components/MobileNav.tsx(12,19): error TS7016: Could not find a declaration file for module 'next/image'. 'C:/Users/amitk/OneDrive/Desktop/FINMAN/node_modules/next/image.js' implicitly has an 'any' type.
  Try `npm i --save-dev @types/next` if it exists or add a new declaration (.d.ts) file containing `declare module 'next/image';`
components/MobileNav.tsx(13,18): error TS7016: Could not find a declaration file for module 'next/link'. 'C:/Users/amitk/OneDrive/Desktop/FINMAN/node_modules/next/link.js' implicitly has an 'any' type.
  Try `npm i --save-dev @types/next` if it exists or add a new declaration (.d.ts) file containing `declare module 'next/link';`
components/MobileNav.tsx(14,29): error TS7016: Could not find a declaration file for module 'next/navigation'. 'C:/Users/amitk/OneDrive/Desktop/FINMAN/node_modules/next/navigation.js' implicitly has an 'any' type.
  Try `npm i --save-dev @types/next` if it exists or add a new declaration (.d.ts) file containing `declare module 'next/navigation';`
components/RecentTransactions.tsx(1,18): error TS7016: Could not find a declaration file for module 'next/link'. 'C:/Users/amitk/OneDrive/Desktop/FINMAN/node_modules/next/link.js' implicitly has an 'any' type.
  Try `npm i --save-dev @types/next` if it exists or add a new declaration (.d.ts) file containing `declare module 'next/link';`
components/RightSidebar.tsx(1,19): error TS7016: Could not find a declaration file for module 'next/image'. 'C:/Users/amitk/OneDrive/Desktop/FINMAN/node_modules/next/image.js' implicitly has an 'any' type.
  Try `npm i --save-dev @types/next` if it exists or add a new declaration (.d.ts) file containing `declare module 'next/image';`
components/RightSidebar.tsx(2,18): error TS7016: Could not find a declaration file for module 'next/link'. 'C:/Users/amitk/OneDrive/Desktop/FINMAN/node_modules/next/link.js' implicitly has an 'any' type.
  Try `npm i --save-dev @types/next` if it exists or add a new declaration (.d.ts) file containing `declare module 'next/link';`
components/Sidebar.tsx(5,19): error TS7016: Could not find a declaration file for module 'next/image'. 'C:/Users/amitk/OneDrive/Desktop/FINMAN/node_modules/next/image.js' implicitly has an 'any' type.
  Try `npm i --save-dev @types/next` if it exists or add a new declaration (.d.ts) file containing `declare module 'next/image';`
components/Sidebar.tsx(6,18): error TS7016: Could not find a declaration file for module 'next/link'. 'C:/Users/amitk/OneDrive/Desktop/FINMAN/node_modules/next/link.js' implicitly has an 'any' type.
  Try `npm i --save-dev @types/next` if it exists or add a new declaration (.d.ts) file containing `declare module 'next/link';`
components/Sidebar.tsx(7,29): error TS7016: Could not find a declaration file for module 'next/navigation'. 'C:/Users/amitk/OneDrive/Desktop/FINMAN/node_modules/next/navigation.js' implicitly has an 'any' type.
  Try `npm i --save-dev @types/next` if it exists or add a new declaration (.d.ts) file containing `declare module 'next/navigation';`
components/TransactionsTable.tsx(6,44): error TS7016: Could not find a declaration file for module 'next/navigation'. 'C:/Users/amitk/OneDrive/Desktop/FINMAN/node_modules/next/navigation.js' implicitly has an 'any' type.
  Try `npm i --save-dev @types/next` if it exists or add a new declaration (.d.ts) file containing `declare module 'next/navigation';`
lib/actions/user.actions.ts(5,25): error TS7016: Could not find a declaration file for module 'next/headers'. 'C:/Users/amitk/OneDrive/Desktop/FINMAN/node_modules/next/headers.js' implicitly has an 'any' type.
  Try `npm i --save-dev @types/next` if it exists or add a new declaration (.d.ts) file containing `declare module 'next/headers';`
lib/appwrite.ts(4,25): error TS7016: Could not find a declaration file for module 'next/headers'. 'C:/Users/amitk/OneDrive/Desktop/FINMAN/node_modules/next/headers.js' implicitly has an 'any' type.
  Try `npm i --save-dev @types/next` if it exists or add a new declaration (.d.ts) file containing `declare module 'next/headers';`
next.config.ts(1,33): error TS7016: Could not find a declaration file for module 'next'. 'C:/Users/amitk/OneDrive/Desktop/FINMAN/node_modules/next/dist/server/next.js' implicitly has an 'any' type.
  Try `npm i --save-dev @types/next` if it exists or add a new declaration (.d.ts) file containing `declare module 'next';`
